INFO: [HLS 200-10] Running 'D:/Xilinx/Vivado/2018.3/bin/unwrapped/win64.o/vivado_hls.exe'
INFO: [HLS 200-10] For user 'dongzw' on host 'dongzw' (Windows NT_amd64 version 6.2) on Mon Jul 15 22:21:14 +0800 2019
INFO: [HLS 200-10] In directory 'C:/Users/dongzw/Desktop/fpga/c'
INFO: [HLS 200-10] Opening project 'C:/Users/dongzw/Desktop/fpga/c/hls'.
INFO: [HLS 200-10] Adding design file 'src/rnn.cpp' to the project
INFO: [HLS 200-10] Opening solution 'C:/Users/dongzw/Desktop/fpga/c/hls/pipeline'.
INFO: [SYN 201-201] Setting up clock 'default' with a period of 10ns.
INFO: [HLS 200-10] Setting target device to 'xc7z020clg400-3'
INFO: [SCHED 204-61] Option 'relax_ii_for_timing' is enabled, will increase II to preserve clock frequency constraints.
INFO: [HLS 200-10] Analyzing design file 'src/rnn.cpp' ... 
WARNING: [HLS 214-114] Only function calls and local variable declarations are allowed in a dataflow region: src/rnn.cpp:152:5
WARNING: [HLS 200-471] Dataflow form checks found 1 issue(s) in file src/rnn.cpp
INFO: [HLS 200-111] Finished Linking Time (s): cpu = 00:00:01 ; elapsed = 00:00:11 . Memory (MB): peak = 104.781 ; gain = 19.707
INFO: [HLS 200-111] Finished Checking Pragmas Time (s): cpu = 00:00:01 ; elapsed = 00:00:11 . Memory (MB): peak = 104.781 ; gain = 19.707
INFO: [HLS 200-10] Starting code transformations ...
INFO: [HLS 200-111] Finished Standard Transforms Time (s): cpu = 00:00:03 ; elapsed = 00:00:12 . Memory (MB): peak = 116.469 ; gain = 31.395
INFO: [HLS 200-10] Checking synthesizability ...
INFO: [XFORM 203-602] Inlining function 'img_preprocess' into 'top' (src/rnn.cpp:85) automatically.
INFO: [XFORM 203-602] Inlining function 'lstm_forward' into 'top' (src/rnn.cpp:86) automatically.
INFO: [HLS 200-111] Finished Checking Synthesizability Time (s): cpu = 00:00:05 ; elapsed = 00:00:15 . Memory (MB): peak = 126.277 ; gain = 41.203
INFO: [XFORM 203-602] Inlining function 'img_preprocess' into 'top' (src/rnn.cpp:85) automatically.
INFO: [XFORM 203-602] Inlining function 'lstm_forward' into 'top' (src/rnn.cpp:86) automatically.
WARNING: [XFORM 203-713] All the elements of global array 'arr1' should be updated in process function 'lstm_forward_once_Loop_memset_arr1_proc', otherwise it may not be synthesized correctly.
ERROR: [XFORM 203-711] Array 'img_line' failed dataflow checking: it cannot be read by more than 1 process.
WARNING: [XFORM 203-713] Argument 'img_line' has read operations in process function 'lstm_forward_once_Loop_memset_arr1_proc'.
WARNING: [XFORM 203-713] Argument 'img_line' has read operations in process function 'lstm_forward_once_Loop_memset_arr2_proc9'.
ERROR: [HLS 200-70] Pre-synthesis failed.
command 'ap_source' returned error code
    while executing
"source C:/Users/dongzw/Desktop/fpga/c/hls/pipeline/csynth.tcl"
    invoked from within
"hls::main C:/Users/dongzw/Desktop/fpga/c/hls/pipeline/csynth.tcl"
    ("uplevel" body line 1)
    invoked from within
"uplevel 1 hls::main {*}$args"
    (procedure "hls_proc" line 5)
    invoked from within
"hls_proc $argv"
