

================================================================
== Vivado HLS Report for 'softmax_forward'
================================================================
* Date:           Mon Jul 15 22:02:54 2019

* Version:        2018.3 (Build 2405991 on Thu Dec 06 23:56:15 MST 2018)
* Project:        hls
* Solution:       default
* Product family: zynq
* Target device:  xc7z020clg400-3


================================================================
== Performance Estimates
================================================================
+ Timing (ns): 
    * Summary: 
    +--------+-------+----------+------------+
    |  Clock | Target| Estimated| Uncertainty|
    +--------+-------+----------+------------+
    |ap_clk  |  10.00|     7.592|        1.25|
    +--------+-------+----------+------------+

+ Latency (clock cycles): 
    * Summary: 
    +-------+-------+-------+-------+---------+
    |    Latency    |    Interval   | Pipeline|
    |  min  |  max  |  min  |  max  |   Type  |
    +-------+-------+-------+-------+---------+
    |  11612|  11612|  11612|  11612|   none  |
    +-------+-------+-------+-------+---------+

    + Detail: 
        * Instance: 
        N/A

        * Loop: 
        +-------------+-------+-------+----------+-----------+-----------+------+----------+
        |             |    Latency    | Iteration|  Initiation Interval  | Trip |          |
        |  Loop Name  |  min  |  max  |  Latency |  achieved |   target  | Count| Pipelined|
        +-------------+-------+-------+----------+-----------+-----------+------+----------+
        |- Loop 1     |  11540|  11540|      1154|          -|          -|    10|    no    |
        | + Loop 1.1  |   1152|   1152|         9|          -|          -|   128|    no    |
        |- Loop 2     |     70|     70|         7|          -|          -|    10|    no    |
        +-------------+-------+-------+----------+-----------+-----------+------+----------+



================================================================
== Utilization Estimates
================================================================
* Summary: 
+-----------------+---------+-------+--------+-------+
|       Name      | BRAM_18K| DSP48E|   FF   |  LUT  |
+-----------------+---------+-------+--------+-------+
|DSP              |        -|      -|       -|      -|
|Expression       |        -|      -|       0|     96|
|FIFO             |        -|      -|       -|      -|
|Instance         |        -|      5|     355|    723|
|Memory           |        4|      -|      32|      5|
|Multiplexer      |        -|      -|       -|    195|
|Register         |        -|      -|     286|      -|
+-----------------+---------+-------+--------+-------+
|Total            |        4|      5|     673|   1019|
+-----------------+---------+-------+--------+-------+
|Available        |      280|    220|  106400|  53200|
+-----------------+---------+-------+--------+-------+
|Utilization (%)  |        1|      2|   ~0   |      1|
+-----------------+---------+-------+--------+-------+

+ Detail: 
    * Instance: 
    +--------------------------+----------------------+---------+-------+-----+-----+
    |         Instance         |        Module        | BRAM_18K| DSP48E|  FF | LUT |
    +--------------------------+----------------------+---------+-------+-----+-----+
    |top_fadd_32ns_32nAem_U40  |top_fadd_32ns_32nAem  |        0|      2|  227|  403|
    |top_fmul_32ns_32nBew_U41  |top_fmul_32ns_32nBew  |        0|      3|  128|  320|
    +--------------------------+----------------------+---------+-------+-----+-----+
    |Total                     |                      |        0|      5|  355|  723|
    +--------------------------+----------------------+---------+-------+-----+-----+

    * DSP48: 
    N/A

    * Memory: 
    +------------------+----------------------+---------+----+----+------+-----+------+-------------+
    |      Memory      |        Module        | BRAM_18K| FF | LUT| Words| Bits| Banks| W*Bits*Banks|
    +------------------+----------------------+---------+----+----+------+-----+------+-------------+
    |softmax_kernel_U  |softmax_forward_sJfO  |        4|   0|   0|  1280|   32|     1|        40960|
    |softmax_bias_U    |softmax_forward_sKfY  |        0|  32|   5|    10|   32|     1|          320|
    +------------------+----------------------+---------+----+----+------+-----+------+-------------+
    |Total             |                      |        4|  32|   5|  1290|   64|     2|        41280|
    +------------------+----------------------+---------+----+----+------+-----+------+-------------+

    * FIFO: 
    N/A

    * Expression: 
    +---------------------+----------+-------+---+----+------------+------------+
    |    Variable Name    | Operation| DSP48E| FF| LUT| Bitwidth P0| Bitwidth P1|
    +---------------------+----------+-------+---+----+------------+------------+
    |i_2_fu_242_p2        |     +    |      0|  0|  13|           4|           1|
    |i_3_fu_164_p2        |     +    |      0|  0|  13|           4|           1|
    |j_1_fu_185_p2        |     +    |      0|  0|  15|           8|           1|
    |tmp_1_fu_226_p2      |     +    |      0|  0|  12|          12|          12|
    |tmp_s_fu_220_p2      |     +    |      0|  0|  12|          12|          12|
    |exitcond1_fu_179_p2  |   icmp   |      0|  0|  13|           8|           9|
    |exitcond2_fu_158_p2  |   icmp   |      0|  0|   9|           4|           4|
    |exitcond_fu_236_p2   |   icmp   |      0|  0|   9|           4|           4|
    +---------------------+----------+-------+---+----+------------+------------+
    |Total                |          |      0|  0|  96|          56|          44|
    +---------------------+----------+-------+---+----+------------+------------+

    * Multiplexer: 
    +-------------------------+----+-----------+-----+-----------+
    |           Name          | LUT| Input Size| Bits| Total Bits|
    +-------------------------+----+-----------+-----+-----------+
    |ap_NS_fsm                |  93|         19|    1|         19|
    |grp_fu_143_p0            |  15|          3|   32|         96|
    |grp_fu_143_p1            |  15|          3|   32|         96|
    |i1_reg_132               |   9|          2|    4|          8|
    |i_reg_97                 |   9|          2|    4|          8|
    |j_reg_121                |   9|          2|    8|         16|
    |softmax_output_address0  |  21|          4|    4|         16|
    |softmax_output_d0        |  15|          3|   32|         96|
    |storemerge_reg_108       |   9|          2|   32|         64|
    +-------------------------+----+-----------+-----+-----------+
    |Total                    | 195|         40|  149|        419|
    +-------------------------+----+-----------+-----+-----------+

    * Register: 
    +-------------------------------+----+----+-----+-----------+
    |              Name             | FF | LUT| Bits| Const Bits|
    +-------------------------------+----+----+-----+-----------+
    |ap_CS_fsm                      |  18|   0|   18|          0|
    |dense_output_load_reg_295      |  32|   0|   32|          0|
    |i1_reg_132                     |   4|   0|    4|          0|
    |i_2_reg_308                    |   4|   0|    4|          0|
    |i_3_reg_257                    |   4|   0|    4|          0|
    |i_reg_97                       |   4|   0|    4|          0|
    |j_1_reg_275                    |   8|   0|    8|          0|
    |j_reg_121                      |   8|   0|    8|          0|
    |reg_152                        |  32|   0|   32|          0|
    |softmax_bias_load_reg_323      |  32|   0|   32|          0|
    |softmax_kernel_load_reg_290    |  32|   0|   32|          0|
    |softmax_output_addr_1_reg_318  |   4|   0|    4|          0|
    |softmax_output_addr_reg_267    |   4|   0|    4|          0|
    |softmax_output_load_reg_328    |  32|   0|   32|          0|
    |storemerge_reg_108             |  32|   0|   32|          0|
    |tmp_8_reg_300                  |  32|   0|   32|          0|
    |tmp_cast_reg_262               |   4|   0|   12|          8|
    +-------------------------------+----+----+-----+-----------+
    |Total                          | 286|   0|  294|          8|
    +-------------------------------+----+----+-----+-----------+



================================================================
== Interface
================================================================
* Summary: 
+-------------------------+-----+-----+------------+-----------------+--------------+
|        RTL Ports        | Dir | Bits|  Protocol  |  Source Object  |    C Type    |
+-------------------------+-----+-----+------------+-----------------+--------------+
|ap_clk                   |  in |    1| ap_ctrl_hs | softmax_forward | return value |
|ap_rst                   |  in |    1| ap_ctrl_hs | softmax_forward | return value |
|ap_start                 |  in |    1| ap_ctrl_hs | softmax_forward | return value |
|ap_done                  | out |    1| ap_ctrl_hs | softmax_forward | return value |
|ap_idle                  | out |    1| ap_ctrl_hs | softmax_forward | return value |
|ap_ready                 | out |    1| ap_ctrl_hs | softmax_forward | return value |
|dense_output_address0    | out |    7|  ap_memory |   dense_output  |     array    |
|dense_output_ce0         | out |    1|  ap_memory |   dense_output  |     array    |
|dense_output_q0          |  in |   32|  ap_memory |   dense_output  |     array    |
|softmax_output_address0  | out |    4|  ap_memory |  softmax_output |     array    |
|softmax_output_ce0       | out |    1|  ap_memory |  softmax_output |     array    |
|softmax_output_we0       | out |    1|  ap_memory |  softmax_output |     array    |
|softmax_output_d0        | out |   32|  ap_memory |  softmax_output |     array    |
|softmax_output_q0        |  in |   32|  ap_memory |  softmax_output |     array    |
+-------------------------+-----+-----+------------+-----------------+--------------+

