

================================================================
== Vivado HLS Report for 'top'
================================================================
* Date:           Mon Jul 15 22:02:55 2019

* Version:        2018.3 (Build 2405991 on Thu Dec 06 23:56:15 MST 2018)
* Project:        hls
* Solution:       default
* Product family: zynq
* Target device:  xc7z020clg400-3


================================================================
== Performance Estimates
================================================================
+ Timing (ns): 
    * Summary: 
    +--------+-------+----------+------------+
    |  Clock | Target| Estimated| Uncertainty|
    +--------+-------+----------+------------+
    |ap_clk  |  10.00|     8.354|        1.25|
    +--------+-------+----------+------------+

+ Latency (clock cycles): 
    * Summary: 
    +----------+----------+----------+----------+---------+
    |       Latency       |       Interval      | Pipeline|
    |    min   |    max   |    min   |    max   |   Type  |
    +----------+----------+----------+----------+---------+
    |  23080057|  23080057|  23080057|  23080057|   none  |
    +----------+----------+----------+----------+---------+

    + Detail: 
        * Instance: 
        +------------------------------+-------------------+--------+--------+--------+--------+---------+
        |                              |                   |     Latency     |     Interval    | Pipeline|
        |           Instance           |       Module      |   min  |   max  |   min  |   max  |   Type  |
        +------------------------------+-------------------+--------+--------+--------+--------+---------+
        |grp_lstm_forward_once_fu_220  |lstm_forward_once  |  818192|  818192|  818192|  818192|   none  |
        |grp_dense_forward_fu_256      |dense_forward      |  148610|  148610|  148610|  148610|   none  |
        |grp_softmax_forward_fu_268    |softmax_forward    |   11612|   11612|   11612|   11612|   none  |
        +------------------------------+-------------------+--------+--------+--------+--------+---------+

        * Loop: 
        +-------------+----------+----------+----------+-----------+-----------+------+----------+
        |             |       Latency       | Iteration|  Initiation Interval  | Trip |          |
        |  Loop Name  |    min   |    max   |  Latency |  achieved |   target  | Count| Pipelined|
        +-------------+----------+----------+----------+-----------+-----------+------+----------+
        |- Loop 1     |     10248|     10248|       366|          -|          -|    28|    no    |
        | + Loop 1.1  |       364|       364|        13|          -|          -|    28|    no    |
        |- Loop 2     |       128|       128|         1|          -|          -|   128|    no    |
        |- Loop 3     |  22909432|  22909432|    818194|          -|          -|    28|    no    |
        |- Loop 4     |        20|        20|         2|          -|          -|    10|    no    |
        +-------------+----------+----------+----------+-----------+-----------+------+----------+



================================================================
== Utilization Estimates
================================================================
* Summary: 
+-----------------+---------+-------+--------+-------+
|       Name      | BRAM_18K| DSP48E|   FF   |  LUT  |
+-----------------+---------+-------+--------+-------+
|DSP              |        -|      -|       -|      -|
|Expression       |        -|      -|       0|    164|
|FIFO             |        -|      -|       -|      -|
|Instance         |      214|     43|    5895|  11438|
|Memory           |        3|      -|      64|      5|
|Multiplexer      |        -|      -|       -|    404|
|Register         |        -|      -|     287|      -|
+-----------------+---------+-------+--------+-------+
|Total            |      217|     43|    6246|  12011|
+-----------------+---------+-------+--------+-------+
|Available        |      280|    220|  106400|  53200|
+-----------------+---------+-------+--------+-------+
|Utilization (%)  |       77|     19|       5|     22|
+-----------------+---------+-------+--------+-------+

+ Detail: 
    * Instance: 
    +------------------------------+----------------------+---------+-------+------+------+
    |           Instance           |        Module        | BRAM_18K| DSP48E|  FF  |  LUT |
    +------------------------------+----------------------+---------+-------+------+------+
    |grp_dense_forward_fu_256      |dense_forward         |       33|      5|   733|  1329|
    |grp_lstm_forward_once_fu_220  |lstm_forward_once     |      177|     19|  3516|  6951|
    |grp_softmax_forward_fu_268    |softmax_forward       |        4|      5|   673|  1019|
    |top_dadd_64ns_64nFfa_U48      |top_dadd_64ns_64nFfa  |        0|      3|   446|  1146|
    |top_dmul_64ns_64nGfk_U49      |top_dmul_64ns_64nGfk  |        0|     11|   299|   578|
    |top_fpext_32ns_64DeQ_U47      |top_fpext_32ns_64DeQ  |        0|      0|   100|   142|
    |top_fptrunc_64ns_CeG_U46      |top_fptrunc_64ns_CeG  |        0|      0|   128|   273|
    +------------------------------+----------------------+---------+-------+------+------+
    |Total                         |                      |      214|     43|  5895| 11438|
    +------------------------------+----------------------+---------+-------+------+------+

    * DSP48: 
    N/A

    * Memory: 
    +------------------+--------------------+---------+----+----+------+-----+------+-------------+
    |      Memory      |       Module       | BRAM_18K| FF | LUT| Words| Bits| Banks| W*Bits*Banks|
    +------------------+--------------------+---------+----+----+------+-----+------+-------------+
    |c_U               |top_c               |        1|   0|   0|   128|   32|     1|         4096|
    |h_U               |top_c               |        1|   0|   0|   128|   32|     1|         4096|
    |dense_output_U    |top_c               |        1|   0|   0|   128|   32|     1|         4096|
    |softmax_output_U  |top_softmax_output  |        0|  64|   5|    10|   32|     1|          320|
    +------------------+--------------------+---------+----+----+------+-----+------+-------------+
    |Total             |                    |        3|  64|   5|   394|  128|     4|        12608|
    +------------------+--------------------+---------+----+----+------+-----+------+-------------+

    * FIFO: 
    N/A

    * Expression: 
    +------------------------+----------+-------+---+----+------------+------------+
    |      Variable Name     | Operation| DSP48E| FF| LUT| Bitwidth P0| Bitwidth P1|
    +------------------------+----------+-------+---+----+------------+------------+
    |i_1_fu_402_p2           |     +    |      0|  0|  13|           4|           1|
    |i_2_fu_372_p2           |     +    |      0|  0|  15|           8|           1|
    |i_3_fu_304_p2           |     +    |      0|  0|  15|           5|           1|
    |i_4_fu_390_p2           |     +    |      0|  0|  15|           5|           1|
    |j_fu_346_p2             |     +    |      0|  0|  15|           5|           1|
    |tmp_4_fu_356_p2         |     +    |      0|  0|  18|          11|          11|
    |tmp_3_fu_334_p2         |     -    |      0|  0|  18|          11|          11|
    |exitcond1_i4_fu_366_p2  |   icmp   |      0|  0|  13|           8|           9|
    |exitcond1_i_fu_298_p2   |   icmp   |      0|  0|  11|           5|           4|
    |exitcond_fu_396_p2      |   icmp   |      0|  0|   9|           4|           4|
    |exitcond_i6_fu_384_p2   |   icmp   |      0|  0|  11|           5|           4|
    |exitcond_i_fu_340_p2    |   icmp   |      0|  0|  11|           5|           4|
    +------------------------+----------+-------+---+----+------------+------------+
    |Total                   |          |      0|  0| 164|          76|          52|
    +------------------------+----------+-------+---+----+------------+------------+

    * Multiplexer: 
    +-------------------------+-----+-----------+-----+-----------+
    |           Name          | LUT | Input Size| Bits| Total Bits|
    +-------------------------+-----+-----------+-----+-----------+
    |ap_NS_fsm                |  113|         24|    1|         24|
    |c_address0               |   15|          3|    7|         21|
    |c_ce0                    |   15|          3|    1|          3|
    |c_d0                     |   15|          3|   32|         96|
    |c_we0                    |   15|          3|    1|          3|
    |dense_output_address0    |   15|          3|    7|         21|
    |dense_output_ce0         |   15|          3|    1|          3|
    |dense_output_we0         |    9|          2|    1|          2|
    |h_address0               |   21|          4|    7|         28|
    |h_ce0                    |   21|          4|    1|          4|
    |h_d0                     |   15|          3|   32|         96|
    |h_we0                    |   15|          3|    1|          3|
    |i1_i_reg_197             |    9|          2|    5|         10|
    |i_i3_reg_186             |    9|          2|    8|         16|
    |i_i_reg_164              |    9|          2|    5|         10|
    |i_reg_209                |    9|          2|    4|          8|
    |img_address0             |   21|          4|   10|         40|
    |img_ce0                  |   15|          3|    1|          3|
    |j_i_reg_175              |    9|          2|    5|         10|
    |softmax_output_address0  |   15|          3|    4|         12|
    |softmax_output_ce0       |   15|          3|    1|          3|
    |softmax_output_we0       |    9|          2|    1|          2|
    +-------------------------+-----+-----------+-----+-----------+
    |Total                    |  404|         83|  136|        418|
    +-------------------------+-----+-----------+-----+-----------+

    * Register: 
    +-------------------------------------------+----+----+-----+-----------+
    |                    Name                   | FF | LUT| Bits| Const Bits|
    +-------------------------------------------+----+----+-----+-----------+
    |ap_CS_fsm                                  |  23|   0|   23|          0|
    |grp_dense_forward_fu_256_ap_start_reg      |   1|   0|    1|          0|
    |grp_lstm_forward_once_fu_220_ap_start_reg  |   1|   0|    1|          0|
    |grp_softmax_forward_fu_268_ap_start_reg    |   1|   0|    1|          0|
    |i1_i_reg_197                               |   5|   0|    5|          0|
    |i_1_reg_473                                |   4|   0|    4|          0|
    |i_3_reg_416                                |   5|   0|    5|          0|
    |i_4_reg_465                                |   5|   0|    5|          0|
    |i_i3_reg_186                               |   8|   0|    8|          0|
    |i_i_reg_164                                |   5|   0|    5|          0|
    |i_reg_209                                  |   4|   0|    4|          0|
    |img_addr_reg_434                           |  10|   0|   10|          0|
    |j_i_reg_175                                |   5|   0|    5|          0|
    |j_reg_429                                  |   5|   0|    5|          0|
    |tmp_105_i_reg_439                          |  64|   0|   64|          0|
    |tmp_106_i_reg_444                          |  64|   0|   64|          0|
    |tmp_107_i_reg_449                          |  64|   0|   64|          0|
    |tmp_3_reg_421                              |   9|   0|   11|          2|
    |tmp_reg_478                                |   4|   0|   64|         60|
    +-------------------------------------------+----+----+-----+-----------+
    |Total                                      | 287|   0|  349|         62|
    +-------------------------------------------+----+----+-----+-----------+



================================================================
== Interface
================================================================
* Summary: 
+-------------------+-----+-----+------------+--------------+--------------+
|     RTL Ports     | Dir | Bits|  Protocol  | Source Object|    C Type    |
+-------------------+-----+-----+------------+--------------+--------------+
|ap_clk             |  in |    1| ap_ctrl_hs |      top     | return value |
|ap_rst             |  in |    1| ap_ctrl_hs |      top     | return value |
|ap_start           |  in |    1| ap_ctrl_hs |      top     | return value |
|ap_done            | out |    1| ap_ctrl_hs |      top     | return value |
|ap_idle            | out |    1| ap_ctrl_hs |      top     | return value |
|ap_ready           | out |    1| ap_ctrl_hs |      top     | return value |
|img_address0       | out |   10|  ap_memory |      img     |     array    |
|img_ce0            | out |    1|  ap_memory |      img     |     array    |
|img_we0            | out |    1|  ap_memory |      img     |     array    |
|img_d0             | out |   32|  ap_memory |      img     |     array    |
|img_q0             |  in |   32|  ap_memory |      img     |     array    |
|output_r_address0  | out |    4|  ap_memory |   output_r   |     array    |
|output_r_ce0       | out |    1|  ap_memory |   output_r   |     array    |
|output_r_we0       | out |    1|  ap_memory |   output_r   |     array    |
|output_r_d0        | out |   32|  ap_memory |   output_r   |     array    |
+-------------------+-----+-----+------------+--------------+--------------+

